<?xml version="1.0" encoding="UTF-8" ?>
<testsuite tests="7" failures="0" name="com.faintdream.tool.util.IOUtilTest" time="0.018" errors="0" skipped="0">
  <properties>
[...]
</properties>
  <testcase classname="com.faintdream.tool.util.IOUtilTest" name="getPathTest" time="0.015"/>
  <testcase classname="com.faintdream.tool.util.IOUtilTest" name="getPathFTest" time="0"/>
  <testcase classname="com.faintdream.tool.util.IOUtilTest" name="getURLTest" time="0"/>
  <testcase classname="com.faintdream.tool.util.IOUtilTest" name="getClassLoaderTest" time="0"/>
  <testcase classname="com.faintdream.tool.util.IOUtilTest" name="getClassPathTest" time="0"/>
  <testcase classname="com.faintdream.tool.util.IOUtilTest" name="getFileTest" time="0.002"/>
  <testcase classname="com.faintdream.tool.util.IOUtilTest" name="getInputStreamTest" time="0.001"/>
</testsuite>